<?xml version="1.0" encoding="UTF-8"?>
<!-- Generated by org.testng.reporters.JUnitXMLReporter -->
<testsuite ignored="2" hostname="DESKTOP-4IF8IAN" failures="0" tests="1" name="Test" time="29.076" errors="0" timestamp="2023-11-16T22:35:10 IST">
  <testcase classname="automation.selenium.testScripts.testScript" name="serch" time="0.314"/>
  <testcase classname="automation.selenium.baseTests.baseTest" name="@BeforeTest setup" time="0.0">
    <ignored/>
  </testcase> <!-- @BeforeTest setup -->
  <testcase classname="automation.selenium.baseTests.baseTest" name="@AfterTest tearDown" time="0.0">
    <ignored/>
  </testcase> <!-- @AfterTest tearDown -->
</testsuite> <!-- Test -->
